  MyList.cpp
C:\Users\Айрат\Documents\GitHub\training\MyList\MyList.cpp(1,1): warning C4828: Файл содержит знак, начинающийся со смещения 0x9c, который является недопустимым в текущей исходной кодировке (кодовая страница 65001).
C:\Users\Айрат\Documents\GitHub\training\MyList\MyList.cpp(1,1): warning C4828: Файл содержит знак, начинающийся со смещения 0x9e, который является недопустимым в текущей исходной кодировке (кодовая страница 65001).
C:\Users\Айрат\Documents\GitHub\training\MyList\MyList.cpp(1,1): warning C4828: Файл содержит знак, начинающийся со смещения 0xa1, который является недопустимым в текущей исходной кодировке (кодовая страница 65001).
C:\Users\Айрат\Documents\GitHub\training\MyList\MyList.cpp(1,1): warning C4828: Файл содержит знак, начинающийся со смещения 0xa5, который является недопустимым в текущей исходной кодировке (кодовая страница 65001).
C:\Users\Айрат\Documents\GitHub\training\MyList\MyList.cpp(1,1): warning C4828: Файл содержит знак, начинающийся со смещения 0xa8, который является недопустимым в текущей исходной кодировке (кодовая страница 65001).
C:\Users\Айрат\Documents\GitHub\training\MyList\MyList.cpp(1,1): warning C4828: Файл содержит знак, начинающийся со смещения 0xab, который является недопустимым в текущей исходной кодировке (кодовая страница 65001).
C:\Users\Айрат\Documents\GitHub\training\MyList\MyList.cpp(1,1): warning C4828: Файл содержит знак, начинающийся со смещения 0xaf, который является недопустимым в текущей исходной кодировке (кодовая страница 65001).
C:\Users\Айрат\Documents\GitHub\training\MyList\MyList.cpp(1,1): warning C4828: Файл содержит знак, начинающийся со смещения 0xb3, который является недопустимым в текущей исходной кодировке (кодовая страница 65001).
C:\Users\Айрат\Documents\GitHub\training\MyList\MyList.cpp(1,1): warning C4828: Файл содержит знак, начинающийся со смещения 0xb6, который является недопустимым в текущей исходной кодировке (кодовая страница 65001).
C:\Users\Айрат\Documents\GitHub\training\MyList\MyList.cpp(1,1): warning C4828: Файл содержит знак, начинающийся со смещения 0xba, который является недопустимым в текущей исходной кодировке (кодовая страница 65001).
C:\Users\Айрат\Documents\GitHub\training\MyList\MyList.cpp(1,1): warning C4828: Файл содержит знак, начинающийся со смещения 0xbd, который является недопустимым в текущей исходной кодировке (кодовая страница 65001).
C:\Users\Айрат\Documents\GitHub\training\MyList\MyList.cpp(1,1): warning C4828: Файл содержит знак, начинающийся со смещения 0xc1, который является недопустимым в текущей исходной кодировке (кодовая страница 65001).
C:\Users\Айрат\Documents\GitHub\training\MyList\MyList.cpp(1,1): warning C4828: Файл содержит знак, начинающийся со смещения 0xc5, который является недопустимым в текущей исходной кодировке (кодовая страница 65001).
C:\Users\Айрат\Documents\GitHub\training\MyList\MyList.cpp(1,1): warning C4828: Файл содержит знак, начинающийся со смещения 0xc8, который является недопустимым в текущей исходной кодировке (кодовая страница 65001).
C:\Users\Айрат\Documents\GitHub\training\MyList\MyList.cpp(1,1): warning C4828: Файл содержит знак, начинающийся со смещения 0xcb, который является недопустимым в текущей исходной кодировке (кодовая страница 65001).
C:\Users\Айрат\Documents\GitHub\training\MyList\MyList.cpp(1,1): warning C4828: Файл содержит знак, начинающийся со смещения 0x15a, который является недопустимым в текущей исходной кодировке (кодовая страница 65001).
C:\Users\Айрат\Documents\GitHub\training\MyList\MyList.cpp(1,1): warning C4828: Файл содержит знак, начинающийся со смещения 0x15c, который является недопустимым в текущей исходной кодировке (кодовая страница 65001).
C:\Users\Айрат\Documents\GitHub\training\MyList\MyList.cpp(1,1): warning C4828: Файл содержит знак, начинающийся со смещения 0x15f, который является недопустимым в текущей исходной кодировке (кодовая страница 65001).
C:\Users\Айрат\Documents\GitHub\training\MyList\MyList.cpp(1,1): warning C4828: Файл содержит знак, начинающийся со смещения 0x160, который является недопустимым в текущей исходной кодировке (кодовая страница 65001).
C:\Users\Айрат\Documents\GitHub\training\MyList\MyList.cpp(1,1): warning C4828: Файл содержит знак, начинающийся со смещения 0x164, который является недопустимым в текущей исходной кодировке (кодовая страница 65001).
C:\Users\Айрат\Documents\GitHub\training\MyList\MyList.cpp(1,1): warning C4828: Файл содержит знак, начинающийся со смещения 0x168, который является недопустимым в текущей исходной кодировке (кодовая страница 65001).
C:\Users\Айрат\Documents\GitHub\training\MyList\MyList.cpp(1,1): warning C4828: Файл содержит знак, начинающийся со смещения 0x16b, который является недопустимым в текущей исходной кодировке (кодовая страница 65001).
C:\Users\Айрат\Documents\GitHub\training\MyList\MyList.cpp(1,1): warning C4828: Файл содержит знак, начинающийся со смещения 0x16f, который является недопустимым в текущей исходной кодировке (кодовая страница 65001).
C:\Users\Айрат\Documents\GitHub\training\MyList\MyList.cpp(1,1): warning C4828: Файл содержит знак, начинающийся со смещения 0x172, который является недопустимым в текущей исходной кодировке (кодовая страница 65001).
C:\Users\Айрат\Documents\GitHub\training\MyList\MyList.cpp(1,1): warning C4828: Файл содержит знак, начинающийся со смещения 0x175, который является недопустимым в текущей исходной кодировке (кодовая страница 65001).
C:\Users\Айрат\Documents\GitHub\training\MyList\MyList.cpp(1,1): warning C4828: Файл содержит знак, начинающийся со смещения 0x178, который является недопустимым в текущей исходной кодировке (кодовая страница 65001).
C:\Users\Айрат\Documents\GitHub\training\MyList\MyList.cpp(1,1): warning C4828: Файл содержит знак, начинающийся со смещения 0x17b, который является недопустимым в текущей исходной кодировке (кодовая страница 65001).
C:\Users\Айрат\Documents\GitHub\training\MyList\MyList.cpp(1,1): warning C4828: Файл содержит знак, начинающийся со смещения 0x17e, который является недопустимым в текущей исходной кодировке (кодовая страница 65001).
C:\Users\Айрат\Documents\GitHub\training\MyList\MyList.cpp(1,1): warning C4828: Файл содержит знак, начинающийся со смещения 0x276, который является недопустимым в текущей исходной кодировке (кодовая страница 65001).
C:\Users\Айрат\Documents\GitHub\training\MyList\MyList.cpp(1,1): warning C4828: Файл содержит знак, начинающийся со смещения 0x278, который является недопустимым в текущей исходной кодировке (кодовая страница 65001).
C:\Users\Айрат\Documents\GitHub\training\MyList\MyList.cpp(1,1): warning C4828: Файл содержит знак, начинающийся со смещения 0x27c, который является недопустимым в текущей исходной кодировке (кодовая страница 65001).
C:\Users\Айрат\Documents\GitHub\training\MyList\MyList.cpp(1,1): warning C4828: Файл содержит знак, начинающийся со смещения 0x27f, который является недопустимым в текущей исходной кодировке (кодовая страница 65001).
C:\Users\Айрат\Documents\GitHub\training\MyList\MyList.cpp(1,1): warning C4828: Файл содержит знак, начинающийся со смещения 0x283, который является недопустимым в текущей исходной кодировке (кодовая страница 65001).
C:\Users\Айрат\Documents\GitHub\training\MyList\MyList.cpp(1,1): warning C4828: Файл содержит знак, начинающийся со смещения 0x286, который является недопустимым в текущей исходной кодировке (кодовая страница 65001).
C:\Users\Айрат\Documents\GitHub\training\MyList\MyList.cpp(1,1): warning C4828: Файл содержит знак, начинающийся со смещения 0x287, который является недопустимым в текущей исходной кодировке (кодовая страница 65001).
C:\Users\Айрат\Documents\GitHub\training\MyList\MyList.cpp(1,1): warning C4828: Файл содержит знак, начинающийся со смещения 0x28a, который является недопустимым в текущей исходной кодировке (кодовая страница 65001).
C:\Users\Айрат\Documents\GitHub\training\MyList\MyList.cpp(1,1): warning C4828: Файл содержит знак, начинающийся со смещения 0x28e, который является недопустимым в текущей исходной кодировке (кодовая страница 65001).
C:\Users\Айрат\Documents\GitHub\training\MyList\MyList.cpp(1,1): warning C4828: Файл содержит знак, начинающийся со смещения 0x28f, который является недопустимым в текущей исходной кодировке (кодовая страница 65001).
C:\Users\Айрат\Documents\GitHub\training\MyList\MyList.cpp(1,1): warning C4828: Файл содержит знак, начинающийся со смещения 0x292, который является недопустимым в текущей исходной кодировке (кодовая страница 65001).
C:\Users\Айрат\Documents\GitHub\training\MyList\MyList.cpp(1,1): warning C4828: Файл содержит знак, начинающийся со смещения 0x295, который является недопустимым в текущей исходной кодировке (кодовая страница 65001).
C:\Users\Айрат\Documents\GitHub\training\MyList\MyList.cpp(1,1): warning C4828: Файл содержит знак, начинающийся со смещения 0x434, который является недопустимым в текущей исходной кодировке (кодовая страница 65001).
C:\Users\Айрат\Documents\GitHub\training\MyList\MyList.cpp(1,1): warning C4828: Файл содержит знак, начинающийся со смещения 0x436, который является недопустимым в текущей исходной кодировке (кодовая страница 65001).
C:\Users\Айрат\Documents\GitHub\training\MyList\MyList.cpp(1,1): warning C4828: Файл содержит знак, начинающийся со смещения 0x43a, который является недопустимым в текущей исходной кодировке (кодовая страница 65001).
C:\Users\Айрат\Documents\GitHub\training\MyList\MyList.cpp(1,1): warning C4828: Файл содержит знак, начинающийся со смещения 0x43e, который является недопустимым в текущей исходной кодировке (кодовая страница 65001).
C:\Users\Айрат\Documents\GitHub\training\MyList\MyList.cpp(1,1): warning C4828: Файл содержит знак, начинающийся со смещения 0x441, который является недопустимым в текущей исходной кодировке (кодовая страница 65001).
C:\Users\Айрат\Documents\GitHub\training\MyList\MyList.cpp(1,1): warning C4828: Файл содержит знак, начинающийся со смещения 0x5a5, который является недопустимым в текущей исходной кодировке (кодовая страница 65001).
C:\Users\Айрат\Documents\GitHub\training\MyList\MyList.cpp(1,1): warning C4828: Файл содержит знак, начинающийся со смещения 0x5a7, который является недопустимым в текущей исходной кодировке (кодовая страница 65001).
C:\Users\Айрат\Documents\GitHub\training\MyList\MyList.cpp(1,1): warning C4828: Файл содержит знак, начинающийся со смещения 0x5ab, который является недопустимым в текущей исходной кодировке (кодовая страница 65001).
C:\Users\Айрат\Documents\GitHub\training\MyList\MyList.cpp(1,1): warning C4828: Файл содержит знак, начинающийся со смещения 0x5af, который является недопустимым в текущей исходной кодировке (кодовая страница 65001).
C:\Users\Айрат\Documents\GitHub\training\MyList\MyList.cpp(1,1): warning C4828: Файл содержит знак, начинающийся со смещения 0x5b2, который является недопустимым в текущей исходной кодировке (кодовая страница 65001).
C:\Users\Айрат\Documents\GitHub\training\MyList\MyList.cpp(1,1): warning C4828: Файл содержит знак, начинающийся со смещения 0x702, который является недопустимым в текущей исходной кодировке (кодовая страница 65001).
C:\Users\Айрат\Documents\GitHub\training\MyList\MyList.cpp(1,1): warning C4828: Файл содержит знак, начинающийся со смещения 0x704, который является недопустимым в текущей исходной кодировке (кодовая страница 65001).
C:\Users\Айрат\Documents\GitHub\training\MyList\MyList.cpp(1,1): warning C4828: Файл содержит знак, начинающийся со смещения 0x707, который является недопустимым в текущей исходной кодировке (кодовая страница 65001).
C:\Users\Айрат\Documents\GitHub\training\MyList\MyList.cpp(1,1): warning C4828: Файл содержит знак, начинающийся со смещения 0x70a, который является недопустимым в текущей исходной кодировке (кодовая страница 65001).
C:\Users\Айрат\Documents\GitHub\training\MyList\MyList.cpp(1,1): warning C4828: Файл содержит знак, начинающийся со смещения 0x70d, который является недопустимым в текущей исходной кодировке (кодовая страница 65001).
C:\Users\Айрат\Documents\GitHub\training\MyList\MyList.cpp(1,1): warning C4828: Файл содержит знак, начинающийся со смещения 0x710, который является недопустимым в текущей исходной кодировке (кодовая страница 65001).
C:\Users\Айрат\Documents\GitHub\training\MyList\MyList.cpp(1,1): warning C4828: Файл содержит знак, начинающийся со смещения 0x713, который является недопустимым в текущей исходной кодировке (кодовая страница 65001).
C:\Users\Айрат\Documents\GitHub\training\MyList\MyList.cpp(1,1): warning C4828: Файл содержит знак, начинающийся со смещения 0x715, который является недопустимым в текущей исходной кодировке (кодовая страница 65001).
C:\Users\Айрат\Documents\GitHub\training\MyList\MyList.cpp(1,1): warning C4828: Файл содержит знак, начинающийся со смещения 0x718, который является недопустимым в текущей исходной кодировке (кодовая страница 65001).
C:\Users\Айрат\Documents\GitHub\training\MyList\MyList.cpp(1,1): warning C4828: Файл содержит знак, начинающийся со смещения 0x71b, который является недопустимым в текущей исходной кодировке (кодовая страница 65001).
C:\Users\Айрат\Documents\GitHub\training\MyList\MyList.cpp(1,1): warning C4828: Файл содержит знак, начинающийся со смещения 0x71e, который является недопустимым в текущей исходной кодировке (кодовая страница 65001).
C:\Users\Айрат\Documents\GitHub\training\MyList\MyList.cpp(1,1): warning C4828: Файл содержит знак, начинающийся со смещения 0x721, который является недопустимым в текущей исходной кодировке (кодовая страница 65001).
C:\Users\Айрат\Documents\GitHub\training\MyList\MyList.cpp(1,1): warning C4828: Файл содержит знак, начинающийся со смещения 0x724, который является недопустимым в текущей исходной кодировке (кодовая страница 65001).
C:\Users\Айрат\Documents\GitHub\training\MyList\MyList.cpp(1,1): warning C4828: Файл содержит знак, начинающийся со смещения 0x728, который является недопустимым в текущей исходной кодировке (кодовая страница 65001).
C:\Users\Айрат\Documents\GitHub\training\MyList\MyList.cpp(1,1): warning C4828: Файл содержит знак, начинающийся со смещения 0x72c, который является недопустимым в текущей исходной кодировке (кодовая страница 65001).
C:\Users\Айрат\Documents\GitHub\training\MyList\MyList.cpp(1,1): warning C4828: Файл содержит знак, начинающийся со смещения 0x72f, который является недопустимым в текущей исходной кодировке (кодовая страница 65001).
C:\Users\Айрат\Documents\GitHub\training\MyList\MyList.cpp(1,1): warning C4828: Файл содержит знак, начинающийся со смещения 0x732, который является недопустимым в текущей исходной кодировке (кодовая страница 65001).
C:\Users\Айрат\Documents\GitHub\training\MyList\MyList.cpp(1,1): warning C4828: Файл содержит знак, начинающийся со смещения 0x735, который является недопустимым в текущей исходной кодировке (кодовая страница 65001).
C:\Users\Айрат\Documents\GitHub\training\MyList\MyList.cpp(1,1): warning C4828: Файл содержит знак, начинающийся со смещения 0x738, который является недопустимым в текущей исходной кодировке (кодовая страница 65001).
C:\Users\Айрат\Documents\GitHub\training\MyList\MyList.cpp(1,1): warning C4828: Файл содержит знак, начинающийся со смещения 0x73c, который является недопустимым в текущей исходной кодировке (кодовая страница 65001).
C:\Users\Айрат\Documents\GitHub\training\MyList\MyList.cpp(1,1): warning C4828: Файл содержит знак, начинающийся со смещения 0x921, который является недопустимым в текущей исходной кодировке (кодовая страница 65001).
C:\Users\Айрат\Documents\GitHub\training\MyList\MyList.cpp(1,1): warning C4828: Файл содержит знак, начинающийся со смещения 0x923, который является недопустимым в текущей исходной кодировке (кодовая страница 65001).
C:\Users\Айрат\Documents\GitHub\training\MyList\MyList.cpp(1,1): warning C4828: Файл содержит знак, начинающийся со смещения 0x926, который является недопустимым в текущей исходной кодировке (кодовая страница 65001).
C:\Users\Айрат\Documents\GitHub\training\MyList\MyList.cpp(1,1): warning C4828: Файл содержит знак, начинающийся со смещения 0x929, который является недопустимым в текущей исходной кодировке (кодовая страница 65001).
C:\Users\Айрат\Documents\GitHub\training\MyList\MyList.cpp(1,1): warning C4828: Файл содержит знак, начинающийся со смещения 0x92c, который является недопустимым в текущей исходной кодировке (кодовая страница 65001).
C:\Users\Айрат\Documents\GitHub\training\MyList\MyList.cpp(1,1): warning C4828: Файл содержит знак, начинающийся со смещения 0x92f, который является недопустимым в текущей исходной кодировке (кодовая страница 65001).
C:\Users\Айрат\Documents\GitHub\training\MyList\MyList.cpp(1,1): warning C4828: Файл содержит знак, начинающийся со смещения 0x932, который является недопустимым в текущей исходной кодировке (кодовая страница 65001).
C:\Users\Айрат\Documents\GitHub\training\MyList\MyList.cpp(1,1): warning C4828: Файл содержит знак, начинающийся со смещения 0x934, который является недопустимым в текущей исходной кодировке (кодовая страница 65001).
C:\Users\Айрат\Documents\GitHub\training\MyList\MyList.cpp(1,1): warning C4828: Файл содержит знак, начинающийся со смещения 0x937, который является недопустимым в текущей исходной кодировке (кодовая страница 65001).
C:\Users\Айрат\Documents\GitHub\training\MyList\MyList.cpp(1,1): warning C4828: Файл содержит знак, начинающийся со смещения 0x93a, который является недопустимым в текущей исходной кодировке (кодовая страница 65001).
C:\Users\Айрат\Documents\GitHub\training\MyList\MyList.cpp(1,1): warning C4828: Файл содержит знак, начинающийся со смещения 0x93d, который является недопустимым в текущей исходной кодировке (кодовая страница 65001).
C:\Users\Айрат\Documents\GitHub\training\MyList\MyList.cpp(1,1): warning C4828: Файл содержит знак, начинающийся со смещения 0x940, который является недопустимым в текущей исходной кодировке (кодовая страница 65001).
C:\Users\Айрат\Documents\GitHub\training\MyList\MyList.cpp(1,1): warning C4828: Файл содержит знак, начинающийся со смещения 0x943, который является недопустимым в текущей исходной кодировке (кодовая страница 65001).
C:\Users\Айрат\Documents\GitHub\training\MyList\MyList.cpp(1,1): warning C4828: Файл содержит знак, начинающийся со смещения 0x946, который является недопустимым в текущей исходной кодировке (кодовая страница 65001).
C:\Users\Айрат\Documents\GitHub\training\MyList\MyList.cpp(1,1): warning C4828: Файл содержит знак, начинающийся со смещения 0x94a, который является недопустимым в текущей исходной кодировке (кодовая страница 65001).
C:\Users\Айрат\Documents\GitHub\training\MyList\MyList.cpp(1,1): warning C4828: Файл содержит знак, начинающийся со смещения 0x94e, который является недопустимым в текущей исходной кодировке (кодовая страница 65001).
C:\Users\Айрат\Documents\GitHub\training\MyList\MyList.cpp(1,1): warning C4828: Файл содержит знак, начинающийся со смещения 0x951, который является недопустимым в текущей исходной кодировке (кодовая страница 65001).
C:\Users\Айрат\Documents\GitHub\training\MyList\MyList.cpp(1,1): warning C4828: Файл содержит знак, начинающийся со смещения 0x954, который является недопустимым в текущей исходной кодировке (кодовая страница 65001).
C:\Users\Айрат\Documents\GitHub\training\MyList\MyList.cpp(1,1): warning C4828: Файл содержит знак, начинающийся со смещения 0x957, который является недопустимым в текущей исходной кодировке (кодовая страница 65001).
C:\Users\Айрат\Documents\GitHub\training\MyList\MyList.cpp(1,1): warning C4828: Файл содержит знак, начинающийся со смещения 0x95a, который является недопустимым в текущей исходной кодировке (кодовая страница 65001).
C:\Users\Айрат\Documents\GitHub\training\MyList\MyList.cpp(1,1): warning C4828: Файл содержит знак, начинающийся со смещения 0x95e, который является недопустимым в текущей исходной кодировке (кодовая страница 65001).
C:\Users\Айрат\Documents\GitHub\training\MyList\MyList.cpp(1,1): warning C4828: Файл содержит знак, начинающийся со смещения 0xb54, который является недопустимым в текущей исходной кодировке (кодовая страница 65001).
C:\Users\Айрат\Documents\GitHub\training\MyList\MyList.cpp(1,1): warning C4828: Файл содержит знак, начинающийся со смещения 0xb56, который является недопустимым в текущей исходной кодировке (кодовая страница 65001).
C:\Users\Айрат\Documents\GitHub\training\MyList\MyList.cpp(1,1): warning C4828: Файл содержит знак, начинающийся со смещения 0xb59, который является недопустимым в текущей исходной кодировке (кодовая страница 65001).
C:\Users\Айрат\Documents\GitHub\training\MyList\MyList.cpp(1,1): warning C4828: Файл содержит знак, начинающийся со смещения 0xb5d, который является недопустимым в текущей исходной кодировке (кодовая страница 65001).
C:\Users\Айрат\Documents\GitHub\training\MyList\MyList.cpp(1,1): warning C4828: Файл содержит знак, начинающийся со смещения 0xb61, который является недопустимым в текущей исходной кодировке (кодовая страница 65001).
C:\Users\Айрат\Documents\GitHub\training\MyList\MyList.cpp(1,1): warning C4828: Файл содержит знак, начинающийся со смещения 0xb64, который является недопустимым в текущей исходной кодировке (кодовая страница 65001).
C:\Users\Айрат\Documents\GitHub\training\MyList\MyList.cpp(1,1): warning C4828: Файл содержит знак, начинающийся со смещения 0xb67, который является недопустимым в текущей исходной кодировке (кодовая страница 65001).
C:\Users\Айрат\Documents\GitHub\training\MyList\MyList.cpp(1,1): warning C4828: Файл содержит знак, начинающийся со смещения 0xb6a, который является недопустимым в текущей исходной кодировке (кодовая страница 65001).
C:\Users\Айрат\Documents\GitHub\training\MyList\MyList.cpp(1,1): warning C4828: Файл содержит знак, начинающийся со смещения 0xb6e, который является недопустимым в текущей исходной кодировке (кодовая страница 65001).
C:\Users\Айрат\Documents\GitHub\training\MyList\MyList.cpp(1,1): warning C4828: Файл содержит знак, начинающийся со смещения 0xb6f, который является недопустимым в текущей исходной кодировке (кодовая страница 65001).
C:\Users\Айрат\Documents\GitHub\training\MyList\MyList.cpp(1,1): warning C4828: Файл содержит знак, начинающийся со смещения 0xb72, который является недопустимым в текущей исходной кодировке (кодовая страница 65001).
C:\Users\Айрат\Documents\GitHub\training\MyList\MyList.cpp(1,1): warning C4828: Файл содержит знак, начинающийся со смещения 0xb75, который является недопустимым в текущей исходной кодировке (кодовая страница 65001).
C:\Users\Айрат\Documents\GitHub\training\MyList\MyList.cpp(1,1): warning C4828: Файл содержит знак, начинающийся со смещения 0xb78, который является недопустимым в текущей исходной кодировке (кодовая страница 65001).
C:\Users\Айрат\Documents\GitHub\training\MyList\MyList.cpp(1,1): warning C4828: Файл содержит знак, начинающийся со смещения 0xb7b, который является недопустимым в текущей исходной кодировке (кодовая страница 65001).
C:\Users\Айрат\Documents\GitHub\training\MyList\MyList.cpp(1,1): warning C4828: Файл содержит знак, начинающийся со смещения 0xb7e, который является недопустимым в текущей исходной кодировке (кодовая страница 65001).
C:\Users\Айрат\Documents\GitHub\training\MyList\MyList.cpp(1,1): warning C4828: Файл содержит знак, начинающийся со смещения 0xb81, который является недопустимым в текущей исходной кодировке (кодовая страница 65001).
C:\Users\Айрат\Documents\GitHub\training\MyList\MyList.cpp(1,1): warning C4828: Файл содержит знак, начинающийся со смещения 0xb8b, который является недопустимым в текущей исходной кодировке (кодовая страница 65001).
C:\Users\Айрат\Documents\GitHub\training\MyList\MyList.cpp(1,1): warning C4828: Файл содержит знак, начинающийся со смещения 0xb8d, который является недопустимым в текущей исходной кодировке (кодовая страница 65001).
C:\Users\Айрат\Documents\GitHub\training\MyList\MyList.cpp(1,1): warning C4828: Файл содержит знак, начинающийся со смещения 0xb90, который является недопустимым в текущей исходной кодировке (кодовая страница 65001).
C:\Users\Айрат\Documents\GitHub\training\MyList\MyList.cpp(1,1): warning C4828: Файл содержит знак, начинающийся со смещения 0xb93, который является недопустимым в текущей исходной кодировке (кодовая страница 65001).
C:\Users\Айрат\Documents\GitHub\training\MyList\MyList.cpp(1,1): warning C4828: Файл содержит знак, начинающийся со смещения 0xb96, который является недопустимым в текущей исходной кодировке (кодовая страница 65001).
C:\Users\Айрат\Documents\GitHub\training\MyList\MyList.cpp(1,1): warning C4828: Файл содержит знак, начинающийся со смещения 0xb9b, который является недопустимым в текущей исходной кодировке (кодовая страница 65001).
C:\Users\Айрат\Documents\GitHub\training\MyList\MyList.cpp(1,1): warning C4828: Файл содержит знак, начинающийся со смещения 0xb9f, который является недопустимым в текущей исходной кодировке (кодовая страница 65001).
C:\Users\Айрат\Documents\GitHub\training\MyList\MyList.cpp(1,1): warning C4828: Файл содержит знак, начинающийся со смещения 0xba2, который является недопустимым в текущей исходной кодировке (кодовая страница 65001).
C:\Users\Айрат\Documents\GitHub\training\MyList\MyList.cpp(1,1): warning C4828: Файл содержит знак, начинающийся со смещения 0xcca, который является недопустимым в текущей исходной кодировке (кодовая страница 65001).
C:\Users\Айрат\Documents\GitHub\training\MyList\MyList.cpp(1,1): warning C4828: Файл содержит знак, начинающийся со смещения 0xccc, который является недопустимым в текущей исходной кодировке (кодовая страница 65001).
C:\Users\Айрат\Documents\GitHub\training\MyList\MyList.cpp(1,1): warning C4828: Файл содержит знак, начинающийся со смещения 0xccf, который является недопустимым в текущей исходной кодировке (кодовая страница 65001).
C:\Users\Айрат\Documents\GitHub\training\MyList\MyList.cpp(1,1): warning C4828: Файл содержит знак, начинающийся со смещения 0xcd3, который является недопустимым в текущей исходной кодировке (кодовая страница 65001).
C:\Users\Айрат\Documents\GitHub\training\MyList\MyList.cpp(1,1): warning C4828: Файл содержит знак, начинающийся со смещения 0xcd4, который является недопустимым в текущей исходной кодировке (кодовая страница 65001).
C:\Users\Айрат\Documents\GitHub\training\MyList\MyList.cpp(1,1): warning C4828: Файл содержит знак, начинающийся со смещения 0xcd7, который является недопустимым в текущей исходной кодировке (кодовая страница 65001).
C:\Users\Айрат\Documents\GitHub\training\MyList\MyList.cpp(1,1): warning C4828: Файл содержит знак, начинающийся со смещения 0xcda, который является недопустимым в текущей исходной кодировке (кодовая страница 65001).
C:\Users\Айрат\Documents\GitHub\training\MyList\MyList.cpp(1,1): warning C4828: Файл содержит знак, начинающийся со смещения 0xcde, который является недопустимым в текущей исходной кодировке (кодовая страница 65001).
C:\Users\Айрат\Documents\GitHub\training\MyList\MyList.cpp(1,1): warning C4828: Файл содержит знак, начинающийся со смещения 0xce1, который является недопустимым в текущей исходной кодировке (кодовая страница 65001).
C:\Users\Айрат\Documents\GitHub\training\MyList\MyList.cpp(1,1): warning C4828: Файл содержит знак, начинающийся со смещения 0xce4, который является недопустимым в текущей исходной кодировке (кодовая страница 65001).
C:\Users\Айрат\Documents\GitHub\training\MyList\MyList.cpp(1,1): warning C4828: Файл содержит знак, начинающийся со смещения 0xced, который является недопустимым в текущей исходной кодировке (кодовая страница 65001).
C:\Users\Айрат\Documents\GitHub\training\MyList\MyList.cpp(1,1): warning C4828: Файл содержит знак, начинающийся со смещения 0xcf0, который является недопустимым в текущей исходной кодировке (кодовая страница 65001).
C:\Users\Айрат\Documents\GitHub\training\MyList\MyList.cpp(1,1): warning C4828: Файл содержит знак, начинающийся со смещения 0xcf3, который является недопустимым в текущей исходной кодировке (кодовая страница 65001).
C:\Users\Айрат\Documents\GitHub\training\MyList\MyList.cpp(1,1): warning C4828: Файл содержит знак, начинающийся со смещения 0xcf6, который является недопустимым в текущей исходной кодировке (кодовая страница 65001).
C:\Users\Айрат\Documents\GitHub\training\MyList\MyList.cpp(1,1): warning C4828: Файл содержит знак, начинающийся со смещения 0xf78, который является недопустимым в текущей исходной кодировке (кодовая страница 65001).
C:\Users\Айрат\Documents\GitHub\training\MyList\MyList.cpp(1,1): warning C4828: Файл содержит знак, начинающийся со смещения 0xf7a, который является недопустимым в текущей исходной кодировке (кодовая страница 65001).
C:\Users\Айрат\Documents\GitHub\training\MyList\MyList.cpp(1,1): warning C4828: Файл содержит знак, начинающийся со смещения 0xf7d, который является недопустимым в текущей исходной кодировке (кодовая страница 65001).
C:\Users\Айрат\Documents\GitHub\training\MyList\MyList.cpp(1,1): warning C4828: Файл содержит знак, начинающийся со смещения 0xf81, который является недопустимым в текущей исходной кодировке (кодовая страница 65001).
C:\Users\Айрат\Documents\GitHub\training\MyList\MyList.cpp(1,1): warning C4828: Файл содержит знак, начинающийся со смещения 0xf82, который является недопустимым в текущей исходной кодировке (кодовая страница 65001).
C:\Users\Айрат\Documents\GitHub\training\MyList\MyList.cpp(1,1): warning C4828: Файл содержит знак, начинающийся со смещения 0xf85, который является недопустимым в текущей исходной кодировке (кодовая страница 65001).
C:\Users\Айрат\Documents\GitHub\training\MyList\MyList.cpp(1,1): warning C4828: Файл содержит знак, начинающийся со смещения 0xf88, который является недопустимым в текущей исходной кодировке (кодовая страница 65001).
C:\Users\Айрат\Documents\GitHub\training\MyList\MyList.cpp(1,1): warning C4828: Файл содержит знак, начинающийся со смещения 0xf8b, который является недопустимым в текущей исходной кодировке (кодовая страница 65001).
C:\Users\Айрат\Documents\GitHub\training\MyList\MyList.cpp(1,1): warning C4828: Файл содержит знак, начинающийся со смещения 0xf8e, который является недопустимым в текущей исходной кодировке (кодовая страница 65001).
C:\Users\Айрат\Documents\GitHub\training\MyList\MyList.cpp(1,1): warning C4828: Файл содержит знак, начинающийся со смещения 0xf91, который является недопустимым в текущей исходной кодировке (кодовая страница 65001).
C:\Users\Айрат\Documents\GitHub\training\MyList\MyList.cpp(1,1): warning C4828: Файл содержит знак, начинающийся со смещения 0x11df, который является недопустимым в текущей исходной кодировке (кодовая страница 65001).
C:\Users\Айрат\Documents\GitHub\training\MyList\MyList.cpp(1,1): warning C4828: Файл содержит знак, начинающийся со смещения 0x11e1, который является недопустимым в текущей исходной кодировке (кодовая страница 65001).
C:\Users\Айрат\Documents\GitHub\training\MyList\MyList.cpp(1,1): warning C4828: Файл содержит знак, начинающийся со смещения 0x11e4, который является недопустимым в текущей исходной кодировке (кодовая страница 65001).
C:\Users\Айрат\Documents\GitHub\training\MyList\MyList.cpp(1,1): warning C4828: Файл содержит знак, начинающийся со смещения 0x11e7, который является недопустимым в текущей исходной кодировке (кодовая страница 65001).
C:\Users\Айрат\Documents\GitHub\training\MyList\MyList.cpp(1,1): warning C4828: Файл содержит знак, начинающийся со смещения 0x11ea, который является недопустимым в текущей исходной кодировке (кодовая страница 65001).
C:\Users\Айрат\Documents\GitHub\training\MyList\MyList.cpp(1,1): warning C4828: Файл содержит знак, начинающийся со смещения 0x11ee, который является недопустимым в текущей исходной кодировке (кодовая страница 65001).
C:\Users\Айрат\Documents\GitHub\training\MyList\MyList.cpp(1,1): warning C4828: Файл содержит знак, начинающийся со смещения 0x11f1, который является недопустимым в текущей исходной кодировке (кодовая страница 65001).
C:\Users\Айрат\Documents\GitHub\training\MyList\MyList.cpp(1,1): warning C4828: Файл содержит знак, начинающийся со смещения 0x11f4, который является недопустимым в текущей исходной кодировке (кодовая страница 65001).
C:\Users\Айрат\Documents\GitHub\training\MyList\MyList.cpp(1,1): warning C4828: Файл содержит знак, начинающийся со смещения 0x11f7, который является недопустимым в текущей исходной кодировке (кодовая страница 65001).
C:\Users\Айрат\Documents\GitHub\training\MyList\MyList.cpp(1,1): warning C4828: Файл содержит знак, начинающийся со смещения 0x11fa, который является недопустимым в текущей исходной кодировке (кодовая страница 65001).
C:\Users\Айрат\Documents\GitHub\training\MyList\MyList.cpp(1,1): warning C4828: Файл содержит знак, начинающийся со смещения 0x11fd, который является недопустимым в текущей исходной кодировке (кодовая страница 65001).
C:\Users\Айрат\Documents\GitHub\training\MyList\MyList.cpp(1,1): warning C4828: Файл содержит знак, начинающийся со смещения 0x1200, который является недопустимым в текущей исходной кодировке (кодовая страница 65001).
C:\Users\Айрат\Documents\GitHub\training\MyList\MyList.cpp(1,1): warning C4828: Файл содержит знак, начинающийся со смещения 0x1203, который является недопустимым в текущей исходной кодировке (кодовая страница 65001).
C:\Users\Айрат\Documents\GitHub\training\MyList\MyList.cpp(1,1): warning C4828: Файл содержит знак, начинающийся со смещения 0x1207, который является недопустимым в текущей исходной кодировке (кодовая страница 65001).
C:\Users\Айрат\Documents\GitHub\training\MyList\MyList.cpp(1,1): warning C4828: Файл содержит знак, начинающийся со смещения 0x120a, который является недопустимым в текущей исходной кодировке (кодовая страница 65001).
C:\Users\Айрат\Documents\GitHub\training\MyList\MyList.cpp(1,1): warning C4828: Файл содержит знак, начинающийся со смещения 0x120d, который является недопустимым в текущей исходной кодировке (кодовая страница 65001).
C:\Users\Айрат\Documents\GitHub\training\MyList\MyList.cpp(1,1): warning C4828: Файл содержит знак, начинающийся со смещения 0x1217, который является недопустимым в текущей исходной кодировке (кодовая страница 65001).
C:\Users\Айрат\Documents\GitHub\training\MyList\MyList.cpp(1,1): warning C4828: Файл содержит знак, начинающийся со смещения 0x121b, который является недопустимым в текущей исходной кодировке (кодовая страница 65001).
C:\Users\Айрат\Documents\GitHub\training\MyList\MyList.cpp(1,1): warning C4828: Файл содержит знак, начинающийся со смещения 0x121d, который является недопустимым в текущей исходной кодировке (кодовая страница 65001).
C:\Users\Айрат\Documents\GitHub\training\MyList\MyList.cpp(1,1): warning C4828: Файл содержит знак, начинающийся со смещения 0x1220, который является недопустимым в текущей исходной кодировке (кодовая страница 65001).
C:\Users\Айрат\Documents\GitHub\training\MyList\MyList.cpp(1,1): warning C4828: Файл содержит знак, начинающийся со смещения 0x1223, который является недопустимым в текущей исходной кодировке (кодовая страница 65001).
C:\Users\Айрат\Documents\GitHub\training\MyList\MyList.cpp(1,1): warning C4828: Файл содержит знак, начинающийся со смещения 0x1226, который является недопустимым в текущей исходной кодировке (кодовая страница 65001).
C:\Users\Айрат\Documents\GitHub\training\MyList\MyList.cpp(1,1): warning C4828: Файл содержит знак, начинающийся со смещения 0x1229, который является недопустимым в текущей исходной кодировке (кодовая страница 65001).
C:\Users\Айрат\Documents\GitHub\training\MyList\MyList.cpp(1,1): warning C4828: Файл содержит знак, начинающийся со смещения 0x122c, который является недопустимым в текущей исходной кодировке (кодовая страница 65001).
C:\Users\Айрат\Documents\GitHub\training\MyList\MyList.cpp(1,1): warning C4828: Файл содержит знак, начинающийся со смещения 0x135c, который является недопустимым в текущей исходной кодировке (кодовая страница 65001).
C:\Users\Айрат\Documents\GitHub\training\MyList\MyList.cpp(1,1): warning C4828: Файл содержит знак, начинающийся со смещения 0x135e, который является недопустимым в текущей исходной кодировке (кодовая страница 65001).
C:\Users\Айрат\Documents\GitHub\training\MyList\MyList.cpp(1,1): warning C4828: Файл содержит знак, начинающийся со смещения 0x1361, который является недопустимым в текущей исходной кодировке (кодовая страница 65001).
C:\Users\Айрат\Documents\GitHub\training\MyList\MyList.cpp(1,1): warning C4828: Файл содержит знак, начинающийся со смещения 0x1364, который является недопустимым в текущей исходной кодировке (кодовая страница 65001).
C:\Users\Айрат\Documents\GitHub\training\MyList\MyList.cpp(1,1): warning C4828: Файл содержит знак, начинающийся со смещения 0x1367, который является недопустимым в текущей исходной кодировке (кодовая страница 65001).
C:\Users\Айрат\Documents\GitHub\training\MyList\MyList.cpp(1,1): warning C4828: Файл содержит знак, начинающийся со смещения 0x136a, который является недопустимым в текущей исходной кодировке (кодовая страница 65001).
C:\Users\Айрат\Documents\GitHub\training\MyList\MyList.cpp(1,1): warning C4828: Файл содержит знак, начинающийся со смещения 0x136e, который является недопустимым в текущей исходной кодировке (кодовая страница 65001).
C:\Users\Айрат\Documents\GitHub\training\MyList\MyList.cpp(1,1): warning C4828: Файл содержит знак, начинающийся со смещения 0x1372, который является недопустимым в текущей исходной кодировке (кодовая страница 65001).
C:\Users\Айрат\Documents\GitHub\training\MyList\MyList.cpp(1,1): warning C4828: Файл содержит знак, начинающийся со смещения 0x1375, который является недопустимым в текущей исходной кодировке (кодовая страница 65001).
C:\Users\Айрат\Documents\GitHub\training\MyList\MyList.cpp(1,1): warning C4828: Файл содержит знак, начинающийся со смещения 0x1378, который является недопустимым в текущей исходной кодировке (кодовая страница 65001).
C:\Users\Айрат\Documents\GitHub\training\MyList\MyList.cpp(1,1): warning C4828: Файл содержит знак, начинающийся со смещения 0x137c, который является недопустимым в текущей исходной кодировке (кодовая страница 65001).
C:\Users\Айрат\Documents\GitHub\training\MyList\MyList.cpp(1,1): warning C4828: Файл содержит знак, начинающийся со смещения 0x137f, который является недопустимым в текущей исходной кодировке (кодовая страница 65001).
C:\Users\Айрат\Documents\GitHub\training\MyList\MyList.cpp(1,1): warning C4828: Файл содержит знак, начинающийся со смещения 0x1382, который является недопустимым в текущей исходной кодировке (кодовая страница 65001).
C:\Users\Айрат\Documents\GitHub\training\MyList\MyList.cpp(1,1): warning C4828: Файл содержит знак, начинающийся со смещения 0x1385, который является недопустимым в текущей исходной кодировке (кодовая страница 65001).
C:\Users\Айрат\Documents\GitHub\training\MyList\MyList.cpp(1,1): warning C4828: Файл содержит знак, начинающийся со смещения 0x1389, который является недопустимым в текущей исходной кодировке (кодовая страница 65001).
C:\Users\Айрат\Documents\GitHub\training\MyList\MyList.cpp(1,1): warning C4828: Файл содержит знак, начинающийся со смещения 0x138c, который является недопустимым в текущей исходной кодировке (кодовая страница 65001).
C:\Users\Айрат\Documents\GitHub\training\MyList\MyList.cpp(1,1): warning C4828: Файл содержит знак, начинающийся со смещения 0x138f, который является недопустимым в текущей исходной кодировке (кодовая страница 65001).
C:\Users\Айрат\Documents\GitHub\training\MyList\MyList.cpp(1,1): warning C4828: Файл содержит знак, начинающийся со смещения 0x1491, который является недопустимым в текущей исходной кодировке (кодовая страница 65001).
C:\Users\Айрат\Documents\GitHub\training\MyList\MyList.cpp(1,1): warning C4828: Файл содержит знак, начинающийся со смещения 0x1493, который является недопустимым в текущей исходной кодировке (кодовая страница 65001).
C:\Users\Айрат\Documents\GitHub\training\MyList\MyList.cpp(1,1): warning C4828: Файл содержит знак, начинающийся со смещения 0x1498, который является недопустимым в текущей исходной кодировке (кодовая страница 65001).
C:\Users\Айрат\Documents\GitHub\training\MyList\MyList.cpp(1,1): warning C4828: Файл содержит знак, начинающийся со смещения 0x149b, который является недопустимым в текущей исходной кодировке (кодовая страница 65001).
C:\Users\Айрат\Documents\GitHub\training\MyList\MyList.cpp(1,1): warning C4828: Файл содержит знак, начинающийся со смещения 0x149f, который является недопустимым в текущей исходной кодировке (кодовая страница 65001).
C:\Users\Айрат\Documents\GitHub\training\MyList\MyList.cpp(1,1): warning C4828: Файл содержит знак, начинающийся со смещения 0x14f0, который является недопустимым в текущей исходной кодировке (кодовая страница 65001).
C:\Users\Айрат\Documents\GitHub\training\MyList\MyList.cpp(1,1): warning C4828: Файл содержит знак, начинающийся со смещения 0x14f2, который является недопустимым в текущей исходной кодировке (кодовая страница 65001).
C:\Users\Айрат\Documents\GitHub\training\MyList\MyList.cpp(1,1): warning C4828: Файл содержит знак, начинающийся со смещения 0x14f5, который является недопустимым в текущей исходной кодировке (кодовая страница 65001).
C:\Users\Айрат\Documents\GitHub\training\MyList\MyList.cpp(1,1): warning C4828: Файл содержит знак, начинающийся со смещения 0x14f8, который является недопустимым в текущей исходной кодировке (кодовая страница 65001).
C:\Users\Айрат\Documents\GitHub\training\MyList\MyList.cpp(1,1): warning C4828: Файл содержит знак, начинающийся со смещения 0x14fb, который является недопустимым в текущей исходной кодировке (кодовая страница 65001).
C:\Users\Айрат\Documents\GitHub\training\MyList\MyList.cpp(1,1): warning C4828: Файл содержит знак, начинающийся со смещения 0x14fe, который является недопустимым в текущей исходной кодировке (кодовая страница 65001).
C:\Users\Айрат\Documents\GitHub\training\MyList\MyList.cpp(1,1): warning C4828: Файл содержит знак, начинающийся со смещения 0x1501, который является недопустимым в текущей исходной кодировке (кодовая страница 65001).
C:\Users\Айрат\Documents\GitHub\training\MyList\MyList.cpp(1,1): warning C4828: Файл содержит знак, начинающийся со смещения 0x1502, который является недопустимым в текущей исходной кодировке (кодовая страница 65001).
C:\Users\Айрат\Documents\GitHub\training\MyList\MyList.cpp(1,1): warning C4828: Файл содержит знак, начинающийся со смещения 0x1505, который является недопустимым в текущей исходной кодировке (кодовая страница 65001).
C:\Users\Айрат\Documents\GitHub\training\MyList\MyList.cpp(1,1): warning C4828: Файл содержит знак, начинающийся со смещения 0x1508, который является недопустимым в текущей исходной кодировке (кодовая страница 65001).
C:\Users\Айрат\Documents\GitHub\training\MyList\MyList.cpp(1,1): warning C4828: Файл содержит знак, начинающийся со смещения 0x150c, который является недопустимым в текущей исходной кодировке (кодовая страница 65001).
C:\Users\Айрат\Documents\GitHub\training\MyList\MyList.cpp(1,1): warning C4828: Файл содержит знак, начинающийся со смещения 0x1510, который является недопустимым в текущей исходной кодировке (кодовая страница 65001).
C:\Users\Айрат\Documents\GitHub\training\MyList\MyList.cpp(1,1): warning C4828: Файл содержит знак, начинающийся со смещения 0x1564, который является недопустимым в текущей исходной кодировке (кодовая страница 65001).
C:\Users\Айрат\Documents\GitHub\training\MyList\MyList.cpp(1,1): warning C4828: Файл содержит знак, начинающийся со смещения 0x1566, который является недопустимым в текущей исходной кодировке (кодовая страница 65001).
C:\Users\Айрат\Documents\GitHub\training\MyList\MyList.cpp(1,1): warning C4828: Файл содержит знак, начинающийся со смещения 0x1569, который является недопустимым в текущей исходной кодировке (кодовая страница 65001).
C:\Users\Айрат\Documents\GitHub\training\MyList\MyList.cpp(1,1): warning C4828: Файл содержит знак, начинающийся со смещения 0x156c, который является недопустимым в текущей исходной кодировке (кодовая страница 65001).
C:\Users\Айрат\Documents\GitHub\training\MyList\MyList.cpp(1,1): warning C4828: Файл содержит знак, начинающийся со смещения 0x156f, который является недопустимым в текущей исходной кодировке (кодовая страница 65001).
C:\Users\Айрат\Documents\GitHub\training\MyList\MyList.cpp(1,1): warning C4828: Файл содержит знак, начинающийся со смещения 0x1573, который является недопустимым в текущей исходной кодировке (кодовая страница 65001).
C:\Users\Айрат\Documents\GitHub\training\MyList\MyList.cpp(1,1): warning C4828: Файл содержит знак, начинающийся со смещения 0x1576, который является недопустимым в текущей исходной кодировке (кодовая страница 65001).
C:\Users\Айрат\Documents\GitHub\training\MyList\MyList.cpp(1,1): warning C4828: Файл содержит знак, начинающийся со смещения 0x1579, который является недопустимым в текущей исходной кодировке (кодовая страница 65001).
C:\Users\Айрат\Documents\GitHub\training\MyList\MyList.cpp(1,1): warning C4828: Файл содержит знак, начинающийся со смещения 0x157c, который является недопустимым в текущей исходной кодировке (кодовая страница 65001).
C:\Users\Айрат\Documents\GitHub\training\MyList\MyList.cpp(1,1): warning C4828: Файл содержит знак, начинающийся со смещения 0x1580, который является недопустимым в текущей исходной кодировке (кодовая страница 65001).
C:\Users\Айрат\Documents\GitHub\training\MyList\MyList.cpp(1,1): warning C4828: Файл содержит знак, начинающийся со смещения 0x1583, который является недопустимым в текущей исходной кодировке (кодовая страница 65001).
C:\Users\Айрат\Documents\GitHub\training\MyList\MyList.cpp(1,1): warning C4828: Файл содержит знак, начинающийся со смещения 0x1586, который является недопустимым в текущей исходной кодировке (кодовая страница 65001).
C:\Users\Айрат\Documents\GitHub\training\MyList\MyList.cpp(1,1): warning C4828: Файл содержит знак, начинающийся со смещения 0x158a, который является недопустимым в текущей исходной кодировке (кодовая страница 65001).
C:\Users\Айрат\Documents\GitHub\training\MyList\MyList.cpp(1,1): warning C4828: Файл содержит знак, начинающийся со смещения 0x158b, который является недопустимым в текущей исходной кодировке (кодовая страница 65001).
C:\Users\Айрат\Documents\GitHub\training\MyList\MyList.cpp(1,1): warning C4828: Файл содержит знак, начинающийся со смещения 0x158e, который является недопустимым в текущей исходной кодировке (кодовая страница 65001).
C:\Users\Айрат\Documents\GitHub\training\MyList\MyList.cpp(1,1): warning C4828: Файл содержит знак, начинающийся со смещения 0x1591, который является недопустимым в текущей исходной кодировке (кодовая страница 65001).
C:\Users\Айрат\Documents\GitHub\training\MyList\MyList.cpp(1,1): warning C4828: Файл содержит знак, начинающийся со смещения 0x1605, который является недопустимым в текущей исходной кодировке (кодовая страница 65001).
C:\Users\Айрат\Documents\GitHub\training\MyList\MyList.cpp(1,1): warning C4828: Файл содержит знак, начинающийся со смещения 0x1607, который является недопустимым в текущей исходной кодировке (кодовая страница 65001).
C:\Users\Айрат\Documents\GitHub\training\MyList\MyList.cpp(1,1): warning C4828: Файл содержит знак, начинающийся со смещения 0x160a, который является недопустимым в текущей исходной кодировке (кодовая страница 65001).
C:\Users\Айрат\Documents\GitHub\training\MyList\MyList.cpp(1,1): warning C4828: Файл содержит знак, начинающийся со смещения 0x160d, который является недопустимым в текущей исходной кодировке (кодовая страница 65001).
C:\Users\Айрат\Documents\GitHub\training\MyList\MyList.cpp(1,1): warning C4828: Файл содержит знак, начинающийся со смещения 0x1610, который является недопустимым в текущей исходной кодировке (кодовая страница 65001).
C:\Users\Айрат\Documents\GitHub\training\MyList\MyList.cpp(1,1): warning C4828: Файл содержит знак, начинающийся со смещения 0x1614, который является недопустимым в текущей исходной кодировке (кодовая страница 65001).
C:\Users\Айрат\Documents\GitHub\training\MyList\MyList.cpp(1,1): warning C4828: Файл содержит знак, начинающийся со смещения 0x1617, который является недопустимым в текущей исходной кодировке (кодовая страница 65001).
C:\Users\Айрат\Documents\GitHub\training\MyList\MyList.cpp(1,1): warning C4828: Файл содержит знак, начинающийся со смещения 0x161a, который является недопустимым в текущей исходной кодировке (кодовая страница 65001).
C:\Users\Айрат\Documents\GitHub\training\MyList\MyList.cpp(1,1): warning C4828: Файл содержит знак, начинающийся со смещения 0x161d, который является недопустимым в текущей исходной кодировке (кодовая страница 65001).
C:\Users\Айрат\Documents\GitHub\training\MyList\MyList.cpp(1,1): warning C4828: Файл содержит знак, начинающийся со смещения 0x1621, который является недопустимым в текущей исходной кодировке (кодовая страница 65001).
C:\Users\Айрат\Documents\GitHub\training\MyList\MyList.cpp(1,1): warning C4828: Файл содержит знак, начинающийся со смещения 0x1624, который является недопустимым в текущей исходной кодировке (кодовая страница 65001).
C:\Users\Айрат\Documents\GitHub\training\MyList\MyList.cpp(1,1): warning C4828: Файл содержит знак, начинающийся со смещения 0x1627, который является недопустимым в текущей исходной кодировке (кодовая страница 65001).
C:\Users\Айрат\Documents\GitHub\training\MyList\MyList.cpp(1,1): warning C4828: Файл содержит знак, начинающийся со смещения 0x162a, который является недопустимым в текущей исходной кодировке (кодовая страница 65001).
C:\Users\Айрат\Documents\GitHub\training\MyList\MyList.cpp(1,1): warning C4828: Файл содержит знак, начинающийся со смещения 0x162e, который является недопустимым в текущей исходной кодировке (кодовая страница 65001).
C:\Users\Айрат\Documents\GitHub\training\MyList\MyList.cpp(1,1): warning C4828: Файл содержит знак, начинающийся со смещения 0x162f, который является недопустимым в текущей исходной кодировке (кодовая страница 65001).
C:\Users\Айрат\Documents\GitHub\training\MyList\MyList.cpp(1,1): warning C4828: Файл содержит знак, начинающийся со смещения 0x1632, который является недопустимым в текущей исходной кодировке (кодовая страница 65001).
C:\Users\Айрат\Documents\GitHub\training\MyList\MyList.cpp(1,1): warning C4828: Файл содержит знак, начинающийся со смещения 0x1635, который является недопустимым в текущей исходной кодировке (кодовая страница 65001).
C:\Users\Айрат\Documents\GitHub\training\MyList\MyList.cpp(1,1): warning C4828: Файл содержит знак, начинающийся со смещения 0x1a17, который является недопустимым в текущей исходной кодировке (кодовая страница 65001).
C:\Users\Айрат\Documents\GitHub\training\MyList\MyList.cpp(1,1): warning C4828: Файл содержит знак, начинающийся со смещения 0x1a19, который является недопустимым в текущей исходной кодировке (кодовая страница 65001).
C:\Users\Айрат\Documents\GitHub\training\MyList\MyList.cpp(1,1): warning C4828: Файл содержит знак, начинающийся со смещения 0x1a1c, который является недопустимым в текущей исходной кодировке (кодовая страница 65001).
C:\Users\Айрат\Documents\GitHub\training\MyList\MyList.cpp(1,1): warning C4828: Файл содержит знак, начинающийся со смещения 0x1a1f, который является недопустимым в текущей исходной кодировке (кодовая страница 65001).
C:\Users\Айрат\Documents\GitHub\training\MyList\MyList.cpp(1,1): warning C4828: Файл содержит знак, начинающийся со смещения 0x1a23, который является недопустимым в текущей исходной кодировке (кодовая страница 65001).
C:\Users\Айрат\Documents\GitHub\training\MyList\MyList.cpp(1,1): warning C4828: Файл содержит знак, начинающийся со смещения 0x1a26, который является недопустимым в текущей исходной кодировке (кодовая страница 65001).
C:\Users\Айрат\Documents\GitHub\training\MyList\MyList.cpp(1,1): warning C4828: Файл содержит знак, начинающийся со смещения 0x1a29, который является недопустимым в текущей исходной кодировке (кодовая страница 65001).
C:\Users\Айрат\Documents\GitHub\training\MyList\MyList.cpp(1,1): warning C4828: Файл содержит знак, начинающийся со смещения 0x1a2c, который является недопустимым в текущей исходной кодировке (кодовая страница 65001).
C:\Users\Айрат\Documents\GitHub\training\MyList\MyList.cpp(1,1): warning C4828: Файл содержит знак, начинающийся со смещения 0x1a2f, который является недопустимым в текущей исходной кодировке (кодовая страница 65001).
C:\Users\Айрат\Documents\GitHub\training\MyList\MyList.cpp(1,1): warning C4828: Файл содержит знак, начинающийся со смещения 0x1a33, который является недопустимым в текущей исходной кодировке (кодовая страница 65001).
C:\Users\Айрат\Documents\GitHub\training\MyList\MyList.cpp(1,1): warning C4828: Файл содержит знак, начинающийся со смещения 0x1a36, который является недопустимым в текущей исходной кодировке (кодовая страница 65001).
C:\Users\Айрат\Documents\GitHub\training\MyList\MyList.cpp(1,1): warning C4828: Файл содержит знак, начинающийся со смещения 0x1a39, который является недопустимым в текущей исходной кодировке (кодовая страница 65001).
C:\Users\Айрат\Documents\GitHub\training\MyList\MyList.cpp(1,1): warning C4828: Файл содержит знак, начинающийся со смещения 0x1a3c, который является недопустимым в текущей исходной кодировке (кодовая страница 65001).
C:\Users\Айрат\Documents\GitHub\training\MyList\MyList.cpp(1,1): warning C4828: Файл содержит знак, начинающийся со смещения 0x1a3f, который является недопустимым в текущей исходной кодировке (кодовая страница 65001).
C:\Users\Айрат\Documents\GitHub\training\MyList\MyList.cpp(1,1): warning C4828: Файл содержит знак, начинающийся со смещения 0x1a42, который является недопустимым в текущей исходной кодировке (кодовая страница 65001).
C:\Users\Айрат\Documents\GitHub\training\MyList\MyList.cpp(1,1): warning C4828: Файл содержит знак, начинающийся со смещения 0x1ab6, который является недопустимым в текущей исходной кодировке (кодовая страница 65001).
C:\Users\Айрат\Documents\GitHub\training\MyList\MyList.cpp(1,1): warning C4828: Файл содержит знак, начинающийся со смещения 0x1ab9, который является недопустимым в текущей исходной кодировке (кодовая страница 65001).
C:\Users\Айрат\Documents\GitHub\training\MyList\MyList.cpp(1,1): warning C4828: Файл содержит знак, начинающийся со смещения 0x1abd, который является недопустимым в текущей исходной кодировке (кодовая страница 65001).
C:\Users\Айрат\Documents\GitHub\training\MyList\MyList.cpp(1,1): warning C4828: Файл содержит знак, начинающийся со смещения 0x1ac0, который является недопустимым в текущей исходной кодировке (кодовая страница 65001).
C:\Users\Айрат\Documents\GitHub\training\MyList\MyList.cpp(1,1): warning C4828: Файл содержит знак, начинающийся со смещения 0x1ac4, который является недопустимым в текущей исходной кодировке (кодовая страница 65001).
C:\Users\Айрат\Documents\GitHub\training\MyList\MyList.cpp(1,1): warning C4828: Файл содержит знак, начинающийся со смещения 0x1ac8, который является недопустимым в текущей исходной кодировке (кодовая страница 65001).
C:\Users\Айрат\Documents\GitHub\training\MyList\MyList.cpp(1,1): warning C4828: Файл содержит знак, начинающийся со смещения 0x1acb, который является недопустимым в текущей исходной кодировке (кодовая страница 65001).
C:\Users\Айрат\Documents\GitHub\training\MyList\MyList.cpp(1,1): warning C4828: Файл содержит знак, начинающийся со смещения 0x1ace, который является недопустимым в текущей исходной кодировке (кодовая страница 65001).
C:\Users\Айрат\Documents\GitHub\training\MyList\MyList.cpp(1,1): warning C4828: Файл содержит знак, начинающийся со смещения 0x1ad1, который является недопустимым в текущей исходной кодировке (кодовая страница 65001).
C:\Users\Айрат\Documents\GitHub\training\MyList\MyList.cpp(1,1): warning C4828: Файл содержит знак, начинающийся со смещения 0x1ad5, который является недопустимым в текущей исходной кодировке (кодовая страница 65001).
C:\Users\Айрат\Documents\GitHub\training\MyList\MyList.cpp(236,15): warning C4244: аргумент: преобразование "time_t" в "unsigned int", возможна потеря данных
  MyList.vcxproj -> C:\Users\Айрат\Documents\GitHub\training\x64\Debug\MyList.exe
